Determining if the pthread_create exist failed with the following output:
Change Dir: /home/soren/ws/rob1b217/build/catkin_tools_prebuild/CMakeFiles/CMakeTmp

Run Build Command:"/usr/bin/make" "cmTC_7c4ff/fast"
/usr/bin/make -f CMakeFiles/cmTC_7c4ff.dir/build.make CMakeFiles/cmTC_7c4ff.dir/build
make[1]: Entering directory '/home/soren/ws/rob1b217/build/catkin_tools_prebuild/CMakeFiles/CMakeTmp'
Building C object CMakeFiles/cmTC_7c4ff.dir/CheckSymbolExists.c.o
/usr/bin/cc     -o CMakeFiles/cmTC_7c4ff.dir/CheckSymbolExists.c.o   -c /home/soren/ws/rob1b217/build/catkin_tools_prebuild/CMakeFiles/CMakeTmp/CheckSymbolExists.c
Linking C executable cmTC_7c4ff
/usr/bin/cmake -E cmake_link_script CMakeFiles/cmTC_7c4ff.dir/link.txt --verbose=1
/usr/bin/cc       CMakeFiles/cmTC_7c4ff.dir/CheckSymbolExists.c.o  -o cmTC_7c4ff -rdynamic 
CMakeFiles/cmTC_7c4ff.dir/CheckSymbolExists.c.o: In function `main':
CheckSymbolExists.c:(.text+0x16): undefined reference to `pthread_create'
collect2: error: ld returned 1 exit status
CMakeFiles/cmTC_7c4ff.dir/build.make:97: recipe for target 'cmTC_7c4ff' failed
make[1]: *** [cmTC_7c4ff] Error 1
make[1]: Leaving directory '/home/soren/ws/rob1b217/build/catkin_tools_prebuild/CMakeFiles/CMakeTmp'
Makefile:126: recipe for target 'cmTC_7c4ff/fast' failed
make: *** [cmTC_7c4ff/fast] Error 2

File /home/soren/ws/rob1b217/build/catkin_tools_prebuild/CMakeFiles/CMakeTmp/CheckSymbolExists.c:
/* */
#include <pthread.h>

int main(int argc, char** argv)
{
  (void)argv;
#ifndef pthread_create
  return ((int*)(&pthread_create))[argc];
#else
  (void)argc;
  return 0;
#endif
}

Determining if the function pthread_create exists in the pthreads failed with the following output:
Change Dir: /home/soren/ws/rob1b217/build/catkin_tools_prebuild/CMakeFiles/CMakeTmp

Run Build Command:"/usr/bin/make" "cmTC_711ea/fast"
/usr/bin/make -f CMakeFiles/cmTC_711ea.dir/build.make CMakeFiles/cmTC_711ea.dir/build
make[1]: Entering directory '/home/soren/ws/rob1b217/build/catkin_tools_prebuild/CMakeFiles/CMakeTmp'
Building C object CMakeFiles/cmTC_711ea.dir/CheckFunctionExists.c.o
/usr/bin/cc    -DCHECK_FUNCTION_EXISTS=pthread_create   -o CMakeFiles/cmTC_711ea.dir/CheckFunctionExists.c.o   -c /usr/share/cmake-3.5/Modules/CheckFunctionExists.c
Linking C executable cmTC_711ea
/usr/bin/cmake -E cmake_link_script CMakeFiles/cmTC_711ea.dir/link.txt --verbose=1
/usr/bin/cc   -DCHECK_FUNCTION_EXISTS=pthread_create    CMakeFiles/cmTC_711ea.dir/CheckFunctionExists.c.o  -o cmTC_711ea -rdynamic -lpthreads 
/usr/bin/ld: cannot find -lpthreads
collect2: error: ld returned 1 exit status
CMakeFiles/cmTC_711ea.dir/build.make:97: recipe for target 'cmTC_711ea' failed
make[1]: *** [cmTC_711ea] Error 1
make[1]: Leaving directory '/home/soren/ws/rob1b217/build/catkin_tools_prebuild/CMakeFiles/CMakeTmp'
Makefile:126: recipe for target 'cmTC_711ea/fast' failed
make: *** [cmTC_711ea/fast] Error 2


